[2024-09-06T11:50:12.235399+00:00] main.ERROR: Unable to apply data patch Magento\Theme\Setup\Patch\Data\RegisterThemes for module Magento_Theme. Original exception message: Wrong file
#0 C:\xampp\htdocs\magento2\setup\src\Magento\Setup\Model\Installer.php(1097): Magento\Framework\Setup\Patch\PatchApplier->applyDataPatch('Magento_Theme')
#1 C:\xampp\htdocs\magento2\setup\src\Magento\Setup\Model\Installer.php(963): Magento\Setup\Model\Installer->handleDBSchemaData(Object(Magento\Setup\Module\DataSetup), 'data', Array)
#2 [internal function]: Magento\Setup\Model\Installer->installDataFixtures(Array)
#3 C:\xampp\htdocs\magento2\setup\src\Magento\Setup\Model\Installer.php(388): call_user_func_array(Array, Array)
#4 C:\xampp\htdocs\magento2\setup\src\Magento\Setup\Console\Command\InstallCommand.php(237): Magento\Setup\Model\Installer->install(Array)
#5 C:\xampp\htdocs\magento2\vendor\symfony\console\Command\Command.php(298): Magento\Setup\Console\Command\InstallCommand->execute(Object(Symfony\Component\Console\Input\ArgvInput), Object(Symfony\Component\Console\Output\ConsoleOutput))
#6 C:\xampp\htdocs\magento2\vendor\symfony\console\Application.php(1040): Symfony\Component\Console\Command\Command->run(Object(Symfony\Component\Console\Input\ArgvInput), Object(Symfony\Component\Console\Output\ConsoleOutput))
#7 C:\xampp\htdocs\magento2\vendor\symfony\console\Application.php(301): Symfony\Component\Console\Application->doRunCommand(Object(Magento\Setup\Console\Command\InstallCommand), Object(Symfony\Component\Console\Input\ArgvInput), Object(Symfony\Component\Console\Output\ConsoleOutput))
#8 C:\xampp\htdocs\magento2\vendor\magento\framework\Console\Cli.php(116): Symfony\Component\Console\Application->doRun(Object(Symfony\Component\Console\Input\ArgvInput), Object(Symfony\Component\Console\Output\ConsoleOutput))
#9 C:\xampp\htdocs\magento2\vendor\symfony\console\Application.php(171): Magento\Framework\Console\Cli->doRun(Object(Symfony\Component\Console\Input\ArgvInput), Object(Symfony\Component\Console\Output\ConsoleOutput))
#10 C:\xampp\htdocs\magento2\bin\magento(23): Symfony\Component\Console\Application->run()
#11 {main} [] []
[2024-09-06T11:57:31.433717+00:00] main.WARNING: Memory size allocated for the temporary table is more than 20% of innodb_buffer_pool_size. Please update innodb_buffer_pool_size or decrease batch size value (which decreases memory usages for the temporary table). Current batch size: 5000; Allocated memory size: 4000000 bytes; InnoDB buffer pool size: 16777216 bytes. [] []
[2024-09-06T11:57:31.443152+00:00] main.WARNING: Memory size allocated for the temporary table is more than 20% of innodb_buffer_pool_size. Please update innodb_buffer_pool_size or decrease batch size value (which decreases memory usages for the temporary table). Current batch size: 5000; Allocated memory size: 4000000 bytes; InnoDB buffer pool size: 16777216 bytes. [] []
[2024-09-06T11:57:31.451432+00:00] main.WARNING: Memory size allocated for the temporary table is more than 20% of innodb_buffer_pool_size. Please update innodb_buffer_pool_size or decrease batch size value (which decreases memory usages for the temporary table). Current batch size: 5000; Allocated memory size: 4000000 bytes; InnoDB buffer pool size: 16777216 bytes. [] []
[2024-09-06T13:00:46.536065+00:00] main.WARNING: Memory size allocated for the temporary table is more than 20% of innodb_buffer_pool_size. Please update innodb_buffer_pool_size or decrease batch size value (which decreases memory usages for the temporary table). Current batch size: 5000; Allocated memory size: 4000000 bytes; InnoDB buffer pool size: 16777216 bytes. [] []
[2024-09-06T13:00:46.549488+00:00] main.WARNING: Memory size allocated for the temporary table is more than 20% of innodb_buffer_pool_size. Please update innodb_buffer_pool_size or decrease batch size value (which decreases memory usages for the temporary table). Current batch size: 5000; Allocated memory size: 4000000 bytes; InnoDB buffer pool size: 16777216 bytes. [] []
[2024-09-06T13:00:46.565963+00:00] main.WARNING: Memory size allocated for the temporary table is more than 20% of innodb_buffer_pool_size. Please update innodb_buffer_pool_size or decrease batch size value (which decreases memory usages for the temporary table). Current batch size: 5000; Allocated memory size: 4000000 bytes; InnoDB buffer pool size: 16777216 bytes. [] []
[2024-09-06T14:08:57.984296+00:00] main.CRITICAL: SQLSTATE[HY000]: General error: 1030 Got error 194 "Tablespace is missing for a table" from storage engine InnoDB, query was: DELETE FROM `design_config_grid_flat` [] []
[2024-09-06T14:09:04.561313+00:00] main.WARNING: Memory size allocated for the temporary table is more than 20% of innodb_buffer_pool_size. Please update innodb_buffer_pool_size or decrease batch size value (which decreases memory usages for the temporary table). Current batch size: 5000; Allocated memory size: 4000000 bytes; InnoDB buffer pool size: 16777216 bytes. [] []
[2024-09-06T14:09:04.575991+00:00] main.WARNING: Memory size allocated for the temporary table is more than 20% of innodb_buffer_pool_size. Please update innodb_buffer_pool_size or decrease batch size value (which decreases memory usages for the temporary table). Current batch size: 5000; Allocated memory size: 4000000 bytes; InnoDB buffer pool size: 16777216 bytes. [] []
[2024-09-06T14:09:04.589261+00:00] main.WARNING: Memory size allocated for the temporary table is more than 20% of innodb_buffer_pool_size. Please update innodb_buffer_pool_size or decrease batch size value (which decreases memory usages for the temporary table). Current batch size: 5000; Allocated memory size: 4000000 bytes; InnoDB buffer pool size: 16777216 bytes. [] []
[2024-09-06T14:14:24.872786+00:00] main.ERROR: SQLSTATE[HY000]: General error: 1030 Got error 194 "Tablespace is missing for a table" from storage engine InnoDB, query was: SHOW INDEXES FROM `design_config_grid_flat` WHERE `Non_unique` = 1
#0 C:\xampp\htdocs\magento2\vendor\magento\framework\DB\Statement\Pdo\Mysql.php(89): Magento\Framework\DB\Statement\Pdo\Mysql->tryExecute(Object(Closure))
#1 C:\xampp\htdocs\magento2\vendor\magento\zend-db\library\Zend\Db\Statement.php(313): Magento\Framework\DB\Statement\Pdo\Mysql->_execute(Array)
#2 C:\xampp\htdocs\magento2\vendor\magento\zend-db\library\Zend\Db\Adapter\Abstract.php(480): Zend_Db_Statement->execute(Array)
#3 C:\xampp\htdocs\magento2\vendor\magento\zend-db\library\Zend\Db\Adapter\Pdo\Abstract.php(242): Zend_Db_Adapter_Abstract->query('SHOW INDEXES FR...', Array)
#4 C:\xampp\htdocs\magento2\vendor\magento\framework\DB\Adapter\Pdo\Mysql.php(564): Zend_Db_Adapter_Pdo_Abstract->query('SHOW INDEXES FR...', Array)
#5 C:\xampp\htdocs\magento2\vendor\magento\framework\DB\Adapter\Pdo\Mysql.php(634): Magento\Framework\DB\Adapter\Pdo\Mysql->_query('SHOW INDEXES FR...', Array)
#6 C:\xampp\htdocs\magento2\generated\code\Magento\Framework\DB\Adapter\Pdo\Mysql\Interceptor.php(95): Magento\Framework\DB\Adapter\Pdo\Mysql->query('SHOW INDEXES FR...', Array)
#7 C:\xampp\htdocs\magento2\vendor\magento\framework\Setup\Declaration\Schema\Db\MySQL\DbSchemaReader.php(131): Magento\Framework\DB\Adapter\Pdo\Mysql\Interceptor->query('SHOW INDEXES FR...')
#8 C:\xampp\htdocs\magento2\vendor\magento\framework\Setup\Declaration\Schema\Db\SchemaBuilder.php(81): Magento\Framework\Setup\Declaration\Schema\Db\MySQL\DbSchemaReader->readIndexes('design_config_g...', 'default')
#9 C:\xampp\htdocs\magento2\vendor\magento\framework\Setup\Declaration\Schema\SchemaConfig.php(66): Magento\Framework\Setup\Declaration\Schema\Db\SchemaBuilder->build(Object(Magento\Framework\Setup\Declaration\Schema\Dto\Schema))
#10 C:\xampp\htdocs\magento2\setup\src\Magento\Setup\Model\DeclarationInstaller.php(58): Magento\Framework\Setup\Declaration\Schema\SchemaConfig->getDbConfig()
#11 C:\xampp\htdocs\magento2\setup\src\Magento\Setup\Model\Installer.php(849): Magento\Setup\Model\DeclarationInstaller->installSchema(Array)
#12 C:\xampp\htdocs\magento2\setup\src\Magento\Setup\Model\Installer.php(897): Magento\Setup\Model\Installer->declarativeInstallSchema(Array)
#13 [internal function]: Magento\Setup\Model\Installer->installSchema(Array)
#14 C:\xampp\htdocs\magento2\setup\src\Magento\Setup\Model\Installer.php(388): call_user_func_array(Array, Array)
#15 C:\xampp\htdocs\magento2\setup\src\Magento\Setup\Console\Command\InstallCommand.php(237): Magento\Setup\Model\Installer->install(Array)
#16 C:\xampp\htdocs\magento2\vendor\symfony\console\Command\Command.php(298): Magento\Setup\Console\Command\InstallCommand->execute(Object(Symfony\Component\Console\Input\ArgvInput), Object(Symfony\Component\Console\Output\ConsoleOutput))
#17 C:\xampp\htdocs\magento2\vendor\symfony\console\Application.php(1040): Symfony\Component\Console\Command\Command->run(Object(Symfony\Component\Console\Input\ArgvInput), Object(Symfony\Component\Console\Output\ConsoleOutput))
#18 C:\xampp\htdocs\magento2\vendor\symfony\console\Application.php(301): Symfony\Component\Console\Application->doRunCommand(Object(Magento\Setup\Console\Command\InstallCommand), Object(Symfony\Component\Console\Input\ArgvInput), Object(Symfony\Component\Console\Output\ConsoleOutput))
#19 C:\xampp\htdocs\magento2\vendor\magento\framework\Console\Cli.php(116): Symfony\Component\Console\Application->doRun(Object(Symfony\Component\Console\Input\ArgvInput), Object(Symfony\Component\Console\Output\ConsoleOutput))
#20 C:\xampp\htdocs\magento2\vendor\symfony\console\Application.php(171): Magento\Framework\Console\Cli->doRun(Object(Symfony\Component\Console\Input\ArgvInput), Object(Symfony\Component\Console\Output\ConsoleOutput))
#21 C:\xampp\htdocs\magento2\bin\magento(23): Symfony\Component\Console\Application->run()
#22 {main} [] []
[2024-09-06T14:30:27.264331+00:00] main.WARNING: Memory size allocated for the temporary table is more than 20% of innodb_buffer_pool_size. Please update innodb_buffer_pool_size or decrease batch size value (which decreases memory usages for the temporary table). Current batch size: 5000; Allocated memory size: 4000000 bytes; InnoDB buffer pool size: 16777216 bytes. [] []
[2024-09-06T14:30:27.272383+00:00] main.WARNING: Memory size allocated for the temporary table is more than 20% of innodb_buffer_pool_size. Please update innodb_buffer_pool_size or decrease batch size value (which decreases memory usages for the temporary table). Current batch size: 5000; Allocated memory size: 4000000 bytes; InnoDB buffer pool size: 16777216 bytes. [] []
[2024-09-06T14:30:27.280022+00:00] main.WARNING: Memory size allocated for the temporary table is more than 20% of innodb_buffer_pool_size. Please update innodb_buffer_pool_size or decrease batch size value (which decreases memory usages for the temporary table). Current batch size: 5000; Allocated memory size: 4000000 bytes; InnoDB buffer pool size: 16777216 bytes. [] []
